Using pre-set license
Built from '2020.3/staging' branch; Version is '2020.3.13f1 (71691879b7f5) revision 7432472'; Using compiler version '192528614'; Build Type 'Release'
OS: 'Windows 10 Home; OS build 19042.1165; Version 2009; 64bit' Language: 'en' Physical Memory: 24508 MB
BatchMode: 1, IsHumanControllingUs: 0, StartBugReporterOnCrash: 0, Is64bit: 1, IsPro: 0

 COMMAND LINE ARGUMENTS:
C:\Program Files\Unity\Hub\Editor\2020.3.13f1\Editor\Unity.exe
-adb2
-batchMode
-noUpm
-name
AssetImportWorker1
-projectPath
D:/storage/Unity/Projects/VR Workshop Project
-logFile
Logs/AssetImportWorker1.log
-srvPort
50915
Successfully changed project path to: D:/storage/Unity/Projects/VR Workshop Project
D:/storage/Unity/Projects/VR Workshop Project
Using Asset Import Pipeline V2.
Refreshing native plugins compatible for Editor in 72.05 ms, found 7 plugins.
Preloading 1 native plugins for Editor in 0.84 ms.
Initialize engine version: 2020.3.13f1 (71691879b7f5)
[Subsystems] Discovering subsystems at path C:/Program Files/Unity/Hub/Editor/2020.3.13f1/Editor/Data/Resources/UnitySubsystems
[Subsystems] Discovering subsystems at path D:/storage/Unity/Projects/VR Workshop Project/Assets
GfxDevice: creating device client; threaded=0
Direct3D:
    Version:  Direct3D 11.0 [level 11.1]
    Renderer: NVIDIA GeForce GTX 1660 SUPER (ID=0x21c4)
    Vendor:   
    VRAM:     5991 MB
    Driver:   30.0.14.7141
Shader 'Oculus/OVRMRCameraFrameLit': fallback shader 'Alpha-Diffuse' not found
Initialize mono
Mono path[0] = 'C:/Program Files/Unity/Hub/Editor/2020.3.13f1/Editor/Data/Managed'
Mono path[1] = 'C:/Program Files/Unity/Hub/Editor/2020.3.13f1/Editor/Data/MonoBleedingEdge/lib/mono/unityjit'
Mono config path = 'C:/Program Files/Unity/Hub/Editor/2020.3.13f1/Editor/Data/MonoBleedingEdge/etc'
Using monoOptions --debugger-agent=transport=dt_socket,embedding=1,server=y,suspend=n,address=127.0.0.1:56676
Begin MonoManager ReloadAssembly
Registering precompiled unity dll's ...
Register platform support module: C:/Program Files/Unity/Hub/Editor/2020.3.13f1/Editor/Data/PlaybackEngines/WindowsStandaloneSupport/UnityEditor.WindowsStandalone.Extensions.dll
Registered in 0.002049 seconds.
Native extension for WindowsStandalone target not found
Refreshing native plugins compatible for Editor in 66.08 ms, found 7 plugins.
Preloading 1 native plugins for Editor in 0.05 ms.
Mono: successfully reloaded assembly
- Completed reload, in  5.170 seconds
Platform modules already initialized, skipping
Registering precompiled user dll's ...
Registered in 0.004793 seconds.
Begin MonoManager ReloadAssembly
Native extension for WindowsStandalone target not found
Refreshing native plugins compatible for Editor in 65.65 ms, found 7 plugins.
Preloading 1 native plugins for Editor in 0.04 ms.
[XR] OculusXRPlugin: registering subsystems
[XR] Unable to register display lifecyle provider: [1]
[XR] Oculus Input lifecycle provider registered.
[XR] Unable to register input lifecyle provider: [1]
[XR] OVRP version 1.55.1
Mono: successfully reloaded assembly
- Completed reload, in  4.791 seconds
Platform modules already initialized, skipping
========================================================================
Worker process is ready to serve import requests
Shader 'Oculus/OVRMRCameraFrameLit': fallback shader 'Alpha-Diffuse' not found
Launched and connected shader compiler UnityShaderCompiler.exe after 0.20 seconds
Refreshing native plugins compatible for Editor in 0.76 ms, found 7 plugins.
Preloading 1 native plugins for Editor in 0.05 ms.
Unloading 2561 Unused Serialized files (Serialized files now loaded: 0)
System memory in use before: 117.9 MB.
System memory in use after: 118.1 MB.

Unloading 47 unused Assets to reduce memory usage. Loaded Objects now: 2979.
Total: 3.227250 ms (FindLiveObjects: 0.303708 ms CreateObjectMapping: 0.124917 ms MarkObjects: 2.537417 ms  DeleteObjects: 0.211417 ms)

AssetImportParameters requested are different than current active one (requested -> active):
  custom:framework-win-MediaFoundation: 216162199b28c13a410421893ffa2e32 -> 
  custom:video-decoder-ogg-theora: a1e56fd34408186e4bbccfd4996cb3dc -> 
  custom:container-muxer-webm: aa71ff27fc2769a1b78a27578f13a17b -> 
  custom:container-demuxer-webm: 4f35f7cbe854078d1ac9338744f61a02 -> 
  custom:container-demuxer-ogg: 62fdf1f143b41e24485cea50d1cbac27 -> 
  custom:video-encoder-webm-vp8: eb34c28f22e8b96e1ab97ce403110664 -> 
  custom:video-decoder-webm-vp8: 9c59270c3fd7afecdb556c50c9e8de78 -> 
  custom:audio-decoder-ogg-vorbis: bf7c407c2cedff20999df2af8eb42d56 -> 
  custom:audio-encoder-webm-vorbis: bf7c407c2cedff20999df2af8eb42d56 -> 
========================================================================
Received Import Request.
  path: Assets/Scripts/sawEmulator.cs
  artifactKey: Guid(16224d872f89b5942982fa8d06545970) Importer(815301076,1909f56bfc062723c751e8b465ee728b)
Start importing Assets/Scripts/sawEmulator.cs using Guid(16224d872f89b5942982fa8d06545970) Importer(815301076,1909f56bfc062723c751e8b465ee728b)  -> (artifact id: '8c0b70dbc5038233756ca46378bd637b') in 0.037337 seconds 
  Import took 0.040718 seconds .

========================================================================
Received Prepare
Registering precompiled user dll's ...
Registered in 0.004617 seconds.
Begin MonoManager ReloadAssembly
Native extension for WindowsStandalone target not found
Refreshing native plugins compatible for Editor in 0.87 ms, found 7 plugins.
Preloading 1 native plugins for Editor in 0.06 ms.
Mono: successfully reloaded assembly
- Completed reload, in  3.835 seconds
Platform modules already initialized, skipping
Shader 'Oculus/OVRMRCameraFrameLit': fallback shader 'Alpha-Diffuse' not found
Refreshing native plugins compatible for Editor in 0.79 ms, found 7 plugins.
Preloading 1 native plugins for Editor in 0.06 ms.
Unloading 2484 Unused Serialized files (Serialized files now loaded: 0)
System memory in use before: 111.8 MB.
System memory in use after: 112.0 MB.

Unloading 40 unused Assets to reduce memory usage. Loaded Objects now: 2983.
Total: 3.132875 ms (FindLiveObjects: 0.250208 ms CreateObjectMapping: 0.156542 ms MarkObjects: 2.605667 ms  DeleteObjects: 0.088833 ms)

AssetImportParameters requested are different than current active one (requested -> active):
  custom:framework-win-MediaFoundation: 216162199b28c13a410421893ffa2e32 -> 
  custom:video-decoder-ogg-theora: a1e56fd34408186e4bbccfd4996cb3dc -> 
  custom:container-muxer-webm: aa71ff27fc2769a1b78a27578f13a17b -> 
  custom:container-demuxer-webm: 4f35f7cbe854078d1ac9338744f61a02 -> 
  custom:container-demuxer-ogg: 62fdf1f143b41e24485cea50d1cbac27 -> 
  custom:video-encoder-webm-vp8: eb34c28f22e8b96e1ab97ce403110664 -> 
  custom:video-decoder-webm-vp8: 9c59270c3fd7afecdb556c50c9e8de78 -> 
  custom:audio-decoder-ogg-vorbis: bf7c407c2cedff20999df2af8eb42d56 -> 
  custom:audio-encoder-webm-vorbis: bf7c407c2cedff20999df2af8eb42d56 -> 
========================================================================
Received Import Request.
  Time since last request: 1001.460319 seconds.
  path: Assets/sawEmulator.cs
  artifactKey: Guid(dda4212b1e3a2454e9a60f3fa8769883) Importer(815301076,1909f56bfc062723c751e8b465ee728b)
Start importing Assets/sawEmulator.cs using Guid(dda4212b1e3a2454e9a60f3fa8769883) Importer(815301076,1909f56bfc062723c751e8b465ee728b)  -> (artifact id: 'deb0d22f794129de8bdddfd7c036a4ef') in 0.009693 seconds 
  Import took 0.014261 seconds .

========================================================================
Received Import Request.
  Time since last request: 0.005721 seconds.
  path: Assets/sawEmulator.cs
  artifactKey: Guid(dda4212b1e3a2454e9a60f3fa8769883) Importer(815301076,1909f56bfc062723c751e8b465ee728b)
Start importing Assets/sawEmulator.cs using Guid(dda4212b1e3a2454e9a60f3fa8769883) Importer(815301076,1909f56bfc062723c751e8b465ee728b)  -> (artifact id: 'deb0d22f794129de8bdddfd7c036a4ef') in 0.001351 seconds 
  Import took 0.005220 seconds .

========================================================================
Received Prepare
Registering precompiled user dll's ...
Registered in 0.003971 seconds.
Begin MonoManager ReloadAssembly
Native extension for WindowsStandalone target not found
Refreshing native plugins compatible for Editor in 0.78 ms, found 7 plugins.
Preloading 1 native plugins for Editor in 0.07 ms.
Mono: successfully reloaded assembly
- Completed reload, in  3.921 seconds
Platform modules already initialized, skipping
Shader 'Oculus/OVRMRCameraFrameLit': fallback shader 'Alpha-Diffuse' not found
Refreshing native plugins compatible for Editor in 0.81 ms, found 7 plugins.
Preloading 1 native plugins for Editor in 0.05 ms.
Unloading 2484 Unused Serialized files (Serialized files now loaded: 0)
System memory in use before: 111.8 MB.
System memory in use after: 112.0 MB.

Unloading 40 unused Assets to reduce memory usage. Loaded Objects now: 2987.
Total: 2.710125 ms (FindLiveObjects: 0.239125 ms CreateObjectMapping: 0.136083 ms MarkObjects: 2.069875 ms  DeleteObjects: 0.147833 ms)

AssetImportParameters requested are different than current active one (requested -> active):
  custom:framework-win-MediaFoundation: 216162199b28c13a410421893ffa2e32 -> 
  custom:video-decoder-ogg-theora: a1e56fd34408186e4bbccfd4996cb3dc -> 
  custom:container-muxer-webm: aa71ff27fc2769a1b78a27578f13a17b -> 
  custom:container-demuxer-webm: 4f35f7cbe854078d1ac9338744f61a02 -> 
  custom:container-demuxer-ogg: 62fdf1f143b41e24485cea50d1cbac27 -> 
  custom:video-encoder-webm-vp8: eb34c28f22e8b96e1ab97ce403110664 -> 
  custom:video-decoder-webm-vp8: 9c59270c3fd7afecdb556c50c9e8de78 -> 
  custom:audio-decoder-ogg-vorbis: bf7c407c2cedff20999df2af8eb42d56 -> 
  custom:audio-encoder-webm-vorbis: bf7c407c2cedff20999df2af8eb42d56 -> 
========================================================================
Received Prepare
Registering precompiled user dll's ...
Registered in 0.004495 seconds.
Begin MonoManager ReloadAssembly
Native extension for WindowsStandalone target not found
Refreshing native plugins compatible for Editor in 0.94 ms, found 7 plugins.
Preloading 1 native plugins for Editor in 0.06 ms.
Mono: successfully reloaded assembly
- Completed reload, in  4.076 seconds
Platform modules already initialized, skipping
Shader 'Oculus/OVRMRCameraFrameLit': fallback shader 'Alpha-Diffuse' not found
Refreshing native plugins compatible for Editor in 0.78 ms, found 7 plugins.
Preloading 1 native plugins for Editor in 0.04 ms.
Unloading 2484 Unused Serialized files (Serialized files now loaded: 0)
System memory in use before: 111.9 MB.
System memory in use after: 112.1 MB.

Unloading 40 unused Assets to reduce memory usage. Loaded Objects now: 2991.
Total: 2.734125 ms (FindLiveObjects: 0.229583 ms CreateObjectMapping: 0.130542 ms MarkObjects: 2.216542 ms  DeleteObjects: 0.081000 ms)

AssetImportParameters requested are different than current active one (requested -> active):
  custom:framework-win-MediaFoundation: 216162199b28c13a410421893ffa2e32 -> 
  custom:video-decoder-ogg-theora: a1e56fd34408186e4bbccfd4996cb3dc -> 
  custom:container-muxer-webm: aa71ff27fc2769a1b78a27578f13a17b -> 
  custom:container-demuxer-webm: 4f35f7cbe854078d1ac9338744f61a02 -> 
  custom:container-demuxer-ogg: 62fdf1f143b41e24485cea50d1cbac27 -> 
  custom:video-encoder-webm-vp8: eb34c28f22e8b96e1ab97ce403110664 -> 
  custom:video-decoder-webm-vp8: 9c59270c3fd7afecdb556c50c9e8de78 -> 
  custom:audio-decoder-ogg-vorbis: bf7c407c2cedff20999df2af8eb42d56 -> 
  custom:audio-encoder-webm-vorbis: bf7c407c2cedff20999df2af8eb42d56 -> 
========================================================================
Received Import Request.
  Time since last request: 436.744400 seconds.
  path: Assets/Plugins/RealtimeCSG/Runtime/Materials/Wall.mat
  artifactKey: Guid(ca37785d773692b47bd7339c9dd802ce) Importer(815301076,1909f56bfc062723c751e8b465ee728b)
Start importing Assets/Plugins/RealtimeCSG/Runtime/Materials/Wall.mat using Guid(ca37785d773692b47bd7339c9dd802ce) Importer(815301076,1909f56bfc062723c751e8b465ee728b)  -> (artifact id: '8925145cbf66e6e60357e19aa5c62902') in 0.414939 seconds 
  Import took 0.419736 seconds .

========================================================================
Received Import Request.
  Time since last request: 0.000190 seconds.
  path: Assets/Plugins/RealtimeCSG/Runtime/Materials/Window.mat
  artifactKey: Guid(b97ec88e269e0554980e460da975d229) Importer(815301076,1909f56bfc062723c751e8b465ee728b)
Start importing Assets/Plugins/RealtimeCSG/Runtime/Materials/Window.mat using Guid(b97ec88e269e0554980e460da975d229) Importer(815301076,1909f56bfc062723c751e8b465ee728b)  -> (artifact id: 'e0990f53db7f237498b959d8aad263ed') in 0.114363 seconds 
  Import took 0.118674 seconds .

========================================================================
Received Import Request.
  Time since last request: 2.503779 seconds.
  path: Assets/Oculus/SampleFramework/Core/TouchControllers/NewTouchControllers/controller_l.fbx
  artifactKey: Guid(5d44b47caf0eb824bade785d78f776f3) Importer(815301076,1909f56bfc062723c751e8b465ee728b)
Start importing Assets/Oculus/SampleFramework/Core/TouchControllers/NewTouchControllers/controller_l.fbx using Guid(5d44b47caf0eb824bade785d78f776f3) Importer(815301076,1909f56bfc062723c751e8b465ee728b)  -> (artifact id: 'edafd1dfd731f55c0f9f1ac89acb0dff') in 0.235988 seconds 
  Import took 0.240782 seconds .

========================================================================
Received Import Request.
  Time since last request: 28.328963 seconds.
  path: Assets/Oculus/SampleFramework/Usage/HandsTrainExample/Models/SelectionCylinder.fbx
  artifactKey: Guid(f167bd156a4b5ff4faf061ab4ce336cb) Importer(815301076,1909f56bfc062723c751e8b465ee728b)
Start importing Assets/Oculus/SampleFramework/Usage/HandsTrainExample/Models/SelectionCylinder.fbx using Guid(f167bd156a4b5ff4faf061ab4ce336cb) Importer(815301076,1909f56bfc062723c751e8b465ee728b)  -> (artifact id: 'ef5477193a9da37489346fef83360295') in 0.090269 seconds 
  Import took 0.094153 seconds .

========================================================================
Received Import Request.
  Time since last request: 0.000215 seconds.
  path: Assets/Oculus/SampleFramework/Core/TouchControllers/NewTouchControllers/controller_r.fbx
  artifactKey: Guid(a5ff41a7886a0ba429cf9e8b9620d2e9) Importer(815301076,1909f56bfc062723c751e8b465ee728b)
Start importing Assets/Oculus/SampleFramework/Core/TouchControllers/NewTouchControllers/controller_r.fbx using Guid(a5ff41a7886a0ba429cf9e8b9620d2e9) Importer(815301076,1909f56bfc062723c751e8b465ee728b)  -> (artifact id: '6649944e58eb2d12ada72772f0f6748d') in 0.038604 seconds 
  Import took 0.043222 seconds .

========================================================================
Received Import Request.
  Time since last request: 0.001225 seconds.
  path: Assets/Oculus/SampleFramework/Usage/HandsTrainExample/Models/SelectionCylinder.fbx
  artifactKey: Guid(f167bd156a4b5ff4faf061ab4ce336cb) Importer(815301076,1909f56bfc062723c751e8b465ee728b)
Start importing Assets/Oculus/SampleFramework/Usage/HandsTrainExample/Models/SelectionCylinder.fbx using Guid(f167bd156a4b5ff4faf061ab4ce336cb) Importer(815301076,1909f56bfc062723c751e8b465ee728b)  -> (artifact id: 'ef5477193a9da37489346fef83360295') in 0.034434 seconds 
  Import took 0.038825 seconds .

========================================================================
Received Import Request.
  Time since last request: 31.051252 seconds.
  path: Assets/Workplace Tools/Mesh/Pliers.fbx
  artifactKey: Guid(32b7353aaf14ee04fb669164d83b6817) Importer(815301076,1909f56bfc062723c751e8b465ee728b)
Start importing Assets/Workplace Tools/Mesh/Pliers.fbx using Guid(32b7353aaf14ee04fb669164d83b6817) Importer(815301076,1909f56bfc062723c751e8b465ee728b)  -> (artifact id: 'f928d66917bbecfc0ab9822a33bde4ac') in 0.108908 seconds 
  Import took 0.113221 seconds .

========================================================================
Received Import Request.
  Time since last request: 2.833863 seconds.
  path: Assets/Oculus/VR/Meshes/HandTracking/OculusHand_R.fbx
  artifactKey: Guid(88e2e1bfe11ec6c438b0ade27eaeded1) Importer(815301076,1909f56bfc062723c751e8b465ee728b)
Start importing Assets/Oculus/VR/Meshes/HandTracking/OculusHand_R.fbx using Guid(88e2e1bfe11ec6c438b0ade27eaeded1) Importer(815301076,1909f56bfc062723c751e8b465ee728b)  -> (artifact id: '1d421c63b6d4d64a19efcc2590c8e9b1') in 0.136495 seconds 
  Import took 0.141574 seconds .

========================================================================
Received Import Request.
  Time since last request: 0.000311 seconds.
  path: Assets/Oculus/VR/Meshes/HandTracking/OculusHand_L.fbx
  artifactKey: Guid(442d5b4503ed83c4897ef44659446587) Importer(815301076,1909f56bfc062723c751e8b465ee728b)
Start importing Assets/Oculus/VR/Meshes/HandTracking/OculusHand_L.fbx using Guid(442d5b4503ed83c4897ef44659446587) Importer(815301076,1909f56bfc062723c751e8b465ee728b)  -> (artifact id: '86ad608611d3733407c059c4a7397183') in 0.077339 seconds 
  Import took 0.081624 seconds .

========================================================================
Received Import Request.
  Time since last request: 0.000236 seconds.
  path: Assets/Oculus/SampleFramework/Core/Locomotion/Models/DestinationIndicatorSimple.fbx
  artifactKey: Guid(823dc0eb5b064e14da00166d21f93fef) Importer(815301076,1909f56bfc062723c751e8b465ee728b)
Start importing Assets/Oculus/SampleFramework/Core/Locomotion/Models/DestinationIndicatorSimple.fbx using Guid(823dc0eb5b064e14da00166d21f93fef) Importer(815301076,1909f56bfc062723c751e8b465ee728b)  -> (artifact id: '3707cbb8b753ec3a3d383598e45e72fc') in 0.090927 seconds 
  Import took 0.094866 seconds .

========================================================================
Received Import Request.
  Time since last request: 0.864762 seconds.
  path: Assets/Oculus/SampleFramework/Usage/SharedAssets/Materials/GroundMat.mat
  artifactKey: Guid(7ae7dc43beb34534db810dee799107f1) Importer(815301076,1909f56bfc062723c751e8b465ee728b)
Start importing Assets/Oculus/SampleFramework/Usage/SharedAssets/Materials/GroundMat.mat using Guid(7ae7dc43beb34534db810dee799107f1) Importer(815301076,1909f56bfc062723c751e8b465ee728b)  -> (artifact id: 'a2f50cfcfa13ddceae143a3d4770ad44') in 0.027586 seconds 
  Import took 0.031540 seconds .

========================================================================
Received Import Request.
  Time since last request: 0.057016 seconds.
  path: Assets/Oculus/Avatar/Samples/SocialStarter/Assets/Materials/GearHelp.mat
  artifactKey: Guid(09c03a3c5049d234590b91bbc6e84462) Importer(815301076,1909f56bfc062723c751e8b465ee728b)
Start importing Assets/Oculus/Avatar/Samples/SocialStarter/Assets/Materials/GearHelp.mat using Guid(09c03a3c5049d234590b91bbc6e84462) Importer(815301076,1909f56bfc062723c751e8b465ee728b)  -> (artifact id: 'cf214381b1154999bc96d421c77f23d7') in 0.066264 seconds 
  Import took 0.069982 seconds .

========================================================================
Received Import Request.
  Time since last request: 0.000234 seconds.
  path: Assets/Oculus/Spatializer/scenes/materials/Ground.mat
  artifactKey: Guid(e121bf11a9143914dbafa9e733415f2a) Importer(815301076,1909f56bfc062723c751e8b465ee728b)
Start importing Assets/Oculus/Spatializer/scenes/materials/Ground.mat using Guid(e121bf11a9143914dbafa9e733415f2a) Importer(815301076,1909f56bfc062723c751e8b465ee728b)  -> (artifact id: 'd69534c4c3ad0092c2d613c944b3d825') in 0.032416 seconds 
  Import took 0.036187 seconds .

========================================================================
Received Import Request.
  Time since last request: 0.000320 seconds.
  path: Assets/Oculus/SampleFramework/Usage/HandsTrainExample/Materials/GridMat.mat
  artifactKey: Guid(ef9e1306ede8d0f48b798c2341d75ffc) Importer(815301076,1909f56bfc062723c751e8b465ee728b)
Start importing Assets/Oculus/SampleFramework/Usage/HandsTrainExample/Materials/GridMat.mat using Guid(ef9e1306ede8d0f48b798c2341d75ffc) Importer(815301076,1909f56bfc062723c751e8b465ee728b)  -> (artifact id: '9e361e9d0a4d0b41fc899f510e4fb640') in 0.077064 seconds 
  Import took 0.081924 seconds .

========================================================================
Received Import Request.
  Time since last request: 0.000231 seconds.
  path: Assets/Oculus/SampleFramework/Usage/Locomotion/Materials/GroundMat.mat
  artifactKey: Guid(1f0c317a1c26f8a4285902639d3d1a0c) Importer(815301076,1909f56bfc062723c751e8b465ee728b)
Start importing Assets/Oculus/SampleFramework/Usage/Locomotion/Materials/GroundMat.mat using Guid(1f0c317a1c26f8a4285902639d3d1a0c) Importer(815301076,1909f56bfc062723c751e8b465ee728b)  -> (artifact id: 'fdb3b967dcd6d4b9434c55244300aa56') in 0.028363 seconds 
  Import took 0.032201 seconds .

========================================================================
Received Import Request.
  Time since last request: 0.000329 seconds.
  path: Assets/Plugins/RealtimeCSG/Runtime/Materials/Floor.mat
  artifactKey: Guid(d8e10aad982fd9d439566c147abd457c) Importer(815301076,1909f56bfc062723c751e8b465ee728b)
Start importing Assets/Plugins/RealtimeCSG/Runtime/Materials/Floor.mat using Guid(d8e10aad982fd9d439566c147abd457c) Importer(815301076,1909f56bfc062723c751e8b465ee728b)  -> (artifact id: 'f315e6cdc2d94890884366911eef165f') in 0.092408 seconds 
  Import took 0.097102 seconds .

========================================================================
Received Prepare
Registering precompiled user dll's ...
Registered in 0.003988 seconds.
Begin MonoManager ReloadAssembly
Native extension for WindowsStandalone target not found
Refreshing native plugins compatible for Editor in 0.76 ms, found 7 plugins.
Preloading 1 native plugins for Editor in 0.06 ms.
Mono: successfully reloaded assembly
- Completed reload, in  3.198 seconds
Platform modules already initialized, skipping
Shader 'Oculus/OVRMRCameraFrameLit': fallback shader 'Alpha-Diffuse' not found
Refreshing native plugins compatible for Editor in 0.79 ms, found 7 plugins.
Preloading 1 native plugins for Editor in 0.05 ms.
Unloading 2484 Unused Serialized files (Serialized files now loaded: 0)
System memory in use before: 129.0 MB.
System memory in use after: 129.2 MB.

Unloading 40 unused Assets to reduce memory usage. Loaded Objects now: 3039.
Total: 2.881000 ms (FindLiveObjects: 0.247333 ms CreateObjectMapping: 0.130500 ms MarkObjects: 2.291583 ms  DeleteObjects: 0.103500 ms)

AssetImportParameters requested are different than current active one (requested -> active):
  custom:framework-win-MediaFoundation: 216162199b28c13a410421893ffa2e32 -> 
  custom:video-decoder-ogg-theora: a1e56fd34408186e4bbccfd4996cb3dc -> 
  custom:container-muxer-webm: aa71ff27fc2769a1b78a27578f13a17b -> 
  custom:container-demuxer-webm: 4f35f7cbe854078d1ac9338744f61a02 -> 
  custom:container-demuxer-ogg: 62fdf1f143b41e24485cea50d1cbac27 -> 
  custom:video-encoder-webm-vp8: eb34c28f22e8b96e1ab97ce403110664 -> 
  custom:video-decoder-webm-vp8: 9c59270c3fd7afecdb556c50c9e8de78 -> 
  custom:audio-decoder-ogg-vorbis: bf7c407c2cedff20999df2af8eb42d56 -> 
  custom:audio-encoder-webm-vorbis: bf7c407c2cedff20999df2af8eb42d56 -> 
========================================================================
Received Prepare
Registering precompiled user dll's ...
Registered in 0.005188 seconds.
Begin MonoManager ReloadAssembly
Native extension for WindowsStandalone target not found
Refreshing native plugins compatible for Editor in 0.87 ms, found 7 plugins.
Preloading 1 native plugins for Editor in 0.09 ms.
Mono: successfully reloaded assembly
- Completed reload, in  6.235 seconds
Platform modules already initialized, skipping
Shader 'Oculus/OVRMRCameraFrameLit': fallback shader 'Alpha-Diffuse' not found
Refreshing native plugins compatible for Editor in 0.83 ms, found 7 plugins.
Preloading 1 native plugins for Editor in 0.23 ms.
Unloading 2484 Unused Serialized files (Serialized files now loaded: 0)
System memory in use before: 129.0 MB.
System memory in use after: 129.2 MB.

Unloading 40 unused Assets to reduce memory usage. Loaded Objects now: 3043.
Total: 4.574542 ms (FindLiveObjects: 0.603167 ms CreateObjectMapping: 0.185292 ms MarkObjects: 3.624500 ms  DeleteObjects: 0.089667 ms)

AssetImportParameters requested are different than current active one (requested -> active):
  custom:framework-win-MediaFoundation: 216162199b28c13a410421893ffa2e32 -> 
  custom:video-decoder-ogg-theora: a1e56fd34408186e4bbccfd4996cb3dc -> 
  custom:container-muxer-webm: aa71ff27fc2769a1b78a27578f13a17b -> 
  custom:container-demuxer-webm: 4f35f7cbe854078d1ac9338744f61a02 -> 
  custom:container-demuxer-ogg: 62fdf1f143b41e24485cea50d1cbac27 -> 
  custom:video-encoder-webm-vp8: eb34c28f22e8b96e1ab97ce403110664 -> 
  custom:video-decoder-webm-vp8: 9c59270c3fd7afecdb556c50c9e8de78 -> 
  custom:audio-decoder-ogg-vorbis: bf7c407c2cedff20999df2af8eb42d56 -> 
  custom:audio-encoder-webm-vorbis: bf7c407c2cedff20999df2af8eb42d56 -> 
========================================================================
Received Prepare
Registering precompiled user dll's ...
Registered in 0.006572 seconds.
Begin MonoManager ReloadAssembly
Native extension for WindowsStandalone target not found
Refreshing native plugins compatible for Editor in 0.87 ms, found 7 plugins.
Preloading 1 native plugins for Editor in 0.11 ms.
Mono: successfully reloaded assembly
- Completed reload, in  8.454 seconds
Platform modules already initialized, skipping
Shader 'Oculus/OVRMRCameraFrameLit': fallback shader 'Alpha-Diffuse' not found
Refreshing native plugins compatible for Editor in 0.97 ms, found 7 plugins.
Preloading 1 native plugins for Editor in 0.08 ms.
Unloading 2497 Unused Serialized files (Serialized files now loaded: 0)
System memory in use before: 131.0 MB.
System memory in use after: 130.5 MB.

Unloading 53 unused Assets to reduce memory usage. Loaded Objects now: 3047.
Total: 5.249542 ms (FindLiveObjects: 0.607625 ms CreateObjectMapping: 0.162292 ms MarkObjects: 3.966292 ms  DeleteObjects: 0.436667 ms)

AssetImportParameters requested are different than current active one (requested -> active):
  custom:framework-win-MediaFoundation: 216162199b28c13a410421893ffa2e32 -> 
  custom:video-decoder-ogg-theora: a1e56fd34408186e4bbccfd4996cb3dc -> 
  custom:container-muxer-webm: aa71ff27fc2769a1b78a27578f13a17b -> 
  custom:container-demuxer-webm: 4f35f7cbe854078d1ac9338744f61a02 -> 
  custom:container-demuxer-ogg: 62fdf1f143b41e24485cea50d1cbac27 -> 
  custom:video-encoder-webm-vp8: eb34c28f22e8b96e1ab97ce403110664 -> 
  custom:video-decoder-webm-vp8: 9c59270c3fd7afecdb556c50c9e8de78 -> 
  custom:audio-decoder-ogg-vorbis: bf7c407c2cedff20999df2af8eb42d56 -> 
  custom:audio-encoder-webm-vorbis: bf7c407c2cedff20999df2af8eb42d56 -> 
========================================================================
Received Prepare
Registering precompiled user dll's ...
Registered in 0.005016 seconds.
Begin MonoManager ReloadAssembly
Native extension for WindowsStandalone target not found
Refreshing native plugins compatible for Editor in 0.76 ms, found 7 plugins.
Preloading 1 native plugins for Editor in 0.07 ms.
Mono: successfully reloaded assembly
- Completed reload, in  6.574 seconds
Platform modules already initialized, skipping
Shader 'Oculus/OVRMRCameraFrameLit': fallback shader 'Alpha-Diffuse' not found
Refreshing native plugins compatible for Editor in 0.86 ms, found 7 plugins.
Preloading 1 native plugins for Editor in 0.05 ms.
Unloading 2497 Unused Serialized files (Serialized files now loaded: 0)
System memory in use before: 131.0 MB.
System memory in use after: 130.5 MB.

Unloading 53 unused Assets to reduce memory usage. Loaded Objects now: 3051.
Total: 3.259458 ms (FindLiveObjects: 0.253458 ms CreateObjectMapping: 0.117250 ms MarkObjects: 2.461417 ms  DeleteObjects: 0.386792 ms)

AssetImportParameters requested are different than current active one (requested -> active):
  custom:framework-win-MediaFoundation: 216162199b28c13a410421893ffa2e32 -> 
  custom:video-decoder-ogg-theora: a1e56fd34408186e4bbccfd4996cb3dc -> 
  custom:container-muxer-webm: aa71ff27fc2769a1b78a27578f13a17b -> 
  custom:container-demuxer-webm: 4f35f7cbe854078d1ac9338744f61a02 -> 
  custom:container-demuxer-ogg: 62fdf1f143b41e24485cea50d1cbac27 -> 
  custom:video-encoder-webm-vp8: eb34c28f22e8b96e1ab97ce403110664 -> 
  custom:video-decoder-webm-vp8: 9c59270c3fd7afecdb556c50c9e8de78 -> 
  custom:audio-decoder-ogg-vorbis: bf7c407c2cedff20999df2af8eb42d56 -> 
  custom:audio-encoder-webm-vorbis: bf7c407c2cedff20999df2af8eb42d56 -> 
========================================================================
Received Import Request.
  Time since last request: 2194.447358 seconds.
  path: Assets/Something.unity
  artifactKey: Guid(5b85cffa957f20f4c9ec510e8032c8c9) Importer(815301076,1909f56bfc062723c751e8b465ee728b)
Start importing Assets/Something.unity using Guid(5b85cffa957f20f4c9ec510e8032c8c9) Importer(815301076,1909f56bfc062723c751e8b465ee728b)  -> (artifact id: 'bf30a60fd86c0d94a5b104a273fdaec7') in 0.072996 seconds 
  Import took 0.078230 seconds .

========================================================================
Received Import Request.
  Time since last request: 1.169636 seconds.
  path: Assets/Saw Demo.unity
  artifactKey: Guid(0c16c706f12bece46b9921fd4fd75607) Importer(815301076,1909f56bfc062723c751e8b465ee728b)
Start importing Assets/Saw Demo.unity using Guid(0c16c706f12bece46b9921fd4fd75607) Importer(815301076,1909f56bfc062723c751e8b465ee728b)  -> (artifact id: '7a594d2a5b94870044a0e1951a99615f') in 0.009238 seconds 
  Import took 0.015032 seconds .

AssetImportWorkerClient::OnTransportError - code=2 error=End of file
