Using pre-set license
Built from '2020.3/staging' branch; Version is '2020.3.13f1 (71691879b7f5) revision 7432472'; Using compiler version '192528614'; Build Type 'Release'
OS: 'Windows 10 Home; OS build 19042.1165; Version 2009; 64bit' Language: 'en' Physical Memory: 24508 MB
BatchMode: 1, IsHumanControllingUs: 0, StartBugReporterOnCrash: 0, Is64bit: 1, IsPro: 0

 COMMAND LINE ARGUMENTS:
C:\Program Files\Unity\Hub\Editor\2020.3.13f1\Editor\Unity.exe
-adb2
-batchMode
-noUpm
-name
AssetImportWorker0
-projectPath
D:/storage/Unity/Projects/VR Workshop Project - Changed
-logFile
Logs/AssetImportWorker0.log
-srvPort
53240
Successfully changed project path to: D:/storage/Unity/Projects/VR Workshop Project - Changed
D:/storage/Unity/Projects/VR Workshop Project - Changed
Using Asset Import Pipeline V2.
Refreshing native plugins compatible for Editor in 67.92 ms, found 6 plugins.
Preloading 1 native plugins for Editor in 0.85 ms.
Initialize engine version: 2020.3.13f1 (71691879b7f5)
[Subsystems] Discovering subsystems at path C:/Program Files/Unity/Hub/Editor/2020.3.13f1/Editor/Data/Resources/UnitySubsystems
[Subsystems] Discovering subsystems at path D:/storage/Unity/Projects/VR Workshop Project - Changed/Assets
GfxDevice: creating device client; threaded=0
Direct3D:
    Version:  Direct3D 11.0 [level 11.1]
    Renderer: NVIDIA GeForce GTX 1660 SUPER (ID=0x21c4)
    Vendor:   
    VRAM:     5991 MB
    Driver:   30.0.14.7141
Shader 'Oculus/OVRMRCameraFrameLit': fallback shader 'Alpha-Diffuse' not found
Initialize mono
Mono path[0] = 'C:/Program Files/Unity/Hub/Editor/2020.3.13f1/Editor/Data/Managed'
Mono path[1] = 'C:/Program Files/Unity/Hub/Editor/2020.3.13f1/Editor/Data/MonoBleedingEdge/lib/mono/unityjit'
Mono config path = 'C:/Program Files/Unity/Hub/Editor/2020.3.13f1/Editor/Data/MonoBleedingEdge/etc'
Using monoOptions --debugger-agent=transport=dt_socket,embedding=1,server=y,suspend=n,address=127.0.0.1:56064
Begin MonoManager ReloadAssembly
Registering precompiled unity dll's ...
Register platform support module: C:/Program Files/Unity/Hub/Editor/2020.3.13f1/Editor/Data/PlaybackEngines/WindowsStandaloneSupport/UnityEditor.WindowsStandalone.Extensions.dll
Registered in 0.002034 seconds.
Native extension for WindowsStandalone target not found
Refreshing native plugins compatible for Editor in 63.51 ms, found 6 plugins.
Preloading 1 native plugins for Editor in 0.04 ms.
Mono: successfully reloaded assembly
- Completed reload, in  3.240 seconds
Platform modules already initialized, skipping
Registering precompiled user dll's ...
Registered in 0.004083 seconds.
Begin MonoManager ReloadAssembly
Native extension for WindowsStandalone target not found
Refreshing native plugins compatible for Editor in 62.42 ms, found 6 plugins.
Preloading 1 native plugins for Editor in 0.05 ms.
[XR] OculusXRPlugin: registering subsystems
[XR] Unable to register display lifecyle provider: [1]
[XR] Oculus Input lifecycle provider registered.
[XR] Unable to register input lifecyle provider: [1]
[XR] OVRP version 1.55.1
Mono: successfully reloaded assembly
- Completed reload, in  3.421 seconds
Platform modules already initialized, skipping
========================================================================
Worker process is ready to serve import requests
Shader 'Oculus/OVRMRCameraFrameLit': fallback shader 'Alpha-Diffuse' not found
Launched and connected shader compiler UnityShaderCompiler.exe after 0.16 seconds
Refreshing native plugins compatible for Editor in 0.75 ms, found 6 plugins.
Preloading 1 native plugins for Editor in 0.04 ms.
Unloading 2731 Unused Serialized files (Serialized files now loaded: 0)
System memory in use before: 148.2 MB.
System memory in use after: 148.4 MB.

Unloading 44 unused Assets to reduce memory usage. Loaded Objects now: 3179.
Total: 2.593750 ms (FindLiveObjects: 0.271458 ms CreateObjectMapping: 0.136042 ms MarkObjects: 2.022250 ms  DeleteObjects: 0.137292 ms)

AssetImportParameters requested are different than current active one (requested -> active):
  custom:framework-win-MediaFoundation: 216162199b28c13a410421893ffa2e32 -> 
  custom:video-decoder-ogg-theora: a1e56fd34408186e4bbccfd4996cb3dc -> 
  custom:container-muxer-webm: aa71ff27fc2769a1b78a27578f13a17b -> 
  custom:container-demuxer-webm: 4f35f7cbe854078d1ac9338744f61a02 -> 
  custom:container-demuxer-ogg: 62fdf1f143b41e24485cea50d1cbac27 -> 
  custom:video-encoder-webm-vp8: eb34c28f22e8b96e1ab97ce403110664 -> 
  custom:video-decoder-webm-vp8: 9c59270c3fd7afecdb556c50c9e8de78 -> 
  custom:audio-decoder-ogg-vorbis: bf7c407c2cedff20999df2af8eb42d56 -> 
  custom:audio-encoder-webm-vorbis: bf7c407c2cedff20999df2af8eb42d56 -> 
========================================================================
Received Import Request.
  path: Assets/Scripts/SawCut.cs
  artifactKey: Guid(1f85a54cf4985bf48bdf6f9ed1d5ed97) Importer(815301076,1909f56bfc062723c751e8b465ee728b)
Start importing Assets/Scripts/SawCut.cs using Guid(1f85a54cf4985bf48bdf6f9ed1d5ed97) Importer(815301076,1909f56bfc062723c751e8b465ee728b)  -> (artifact id: '440f54bbc47db3aa8fb2cae5a9a33e04') in 0.056240 seconds 
  Import took 0.089969 seconds .

========================================================================
Received Import Request.
  Time since last request: 0.000775 seconds.
  path: Assets/Scripts/Slicer.cs
  artifactKey: Guid(fb280e2d69622c44883862d573a0a452) Importer(815301076,1909f56bfc062723c751e8b465ee728b)
Start importing Assets/Scripts/Slicer.cs using Guid(fb280e2d69622c44883862d573a0a452) Importer(815301076,1909f56bfc062723c751e8b465ee728b)  -> (artifact id: '930d398cd2be3a5d6134dcd5fbc5c9f7') in 0.005937 seconds 
  Import took 0.015914 seconds .

========================================================================
Received Import Request.
  Time since last request: 0.000209 seconds.
  path: Assets/Scripts/SliceListener.cs
  artifactKey: Guid(45b47e3d5c06a5c478e8a9810df049ef) Importer(815301076,1909f56bfc062723c751e8b465ee728b)
Start importing Assets/Scripts/SliceListener.cs using Guid(45b47e3d5c06a5c478e8a9810df049ef) Importer(815301076,1909f56bfc062723c751e8b465ee728b)  -> (artifact id: '2c291f08c28c4d0d2d0f41a8893a41c2') in 0.006163 seconds 
  Import took 0.031280 seconds .

========================================================================
Received Prepare
Registering precompiled user dll's ...
Registered in 0.012996 seconds.
Begin MonoManager ReloadAssembly
Native extension for WindowsStandalone target not found
Refreshing native plugins compatible for Editor in 0.84 ms, found 6 plugins.
Preloading 1 native plugins for Editor in 0.07 ms.
Mono: successfully reloaded assembly
- Completed reload, in  3.902 seconds
Platform modules already initialized, skipping
Shader 'Oculus/OVRMRCameraFrameLit': fallback shader 'Alpha-Diffuse' not found
Refreshing native plugins compatible for Editor in 0.77 ms, found 6 plugins.
Preloading 1 native plugins for Editor in 0.04 ms.
Unloading 2633 Unused Serialized files (Serialized files now loaded: 0)
System memory in use before: 140.0 MB.
System memory in use after: 140.1 MB.

Unloading 38 unused Assets to reduce memory usage. Loaded Objects now: 3183.
Total: 2.818250 ms (FindLiveObjects: 0.337625 ms CreateObjectMapping: 0.177167 ms MarkObjects: 2.144500 ms  DeleteObjects: 0.122958 ms)

AssetImportParameters requested are different than current active one (requested -> active):
  custom:framework-win-MediaFoundation: 216162199b28c13a410421893ffa2e32 -> 
  custom:video-decoder-ogg-theora: a1e56fd34408186e4bbccfd4996cb3dc -> 
  custom:container-muxer-webm: aa71ff27fc2769a1b78a27578f13a17b -> 
  custom:container-demuxer-webm: 4f35f7cbe854078d1ac9338744f61a02 -> 
  custom:container-demuxer-ogg: 62fdf1f143b41e24485cea50d1cbac27 -> 
  custom:video-encoder-webm-vp8: eb34c28f22e8b96e1ab97ce403110664 -> 
  custom:video-decoder-webm-vp8: 9c59270c3fd7afecdb556c50c9e8de78 -> 
  custom:audio-decoder-ogg-vorbis: bf7c407c2cedff20999df2af8eb42d56 -> 
  custom:audio-encoder-webm-vorbis: bf7c407c2cedff20999df2af8eb42d56 -> 
========================================================================
Received Prepare
Registering precompiled user dll's ...
Registered in 0.004616 seconds.
Begin MonoManager ReloadAssembly
Native extension for WindowsStandalone target not found
Refreshing native plugins compatible for Editor in 0.79 ms, found 6 plugins.
Preloading 1 native plugins for Editor in 0.13 ms.
Mono: successfully reloaded assembly
- Completed reload, in  3.977 seconds
Platform modules already initialized, skipping
Shader 'Oculus/OVRMRCameraFrameLit': fallback shader 'Alpha-Diffuse' not found
Refreshing native plugins compatible for Editor in 0.79 ms, found 6 plugins.
Preloading 1 native plugins for Editor in 0.07 ms.
Unloading 2633 Unused Serialized files (Serialized files now loaded: 0)
System memory in use before: 140.0 MB.
System memory in use after: 140.2 MB.

Unloading 38 unused Assets to reduce memory usage. Loaded Objects now: 3187.
Total: 3.000417 ms (FindLiveObjects: 0.322167 ms CreateObjectMapping: 0.175458 ms MarkObjects: 2.322917 ms  DeleteObjects: 0.130250 ms)

AssetImportParameters requested are different than current active one (requested -> active):
  custom:framework-win-MediaFoundation: 216162199b28c13a410421893ffa2e32 -> 
  custom:video-decoder-ogg-theora: a1e56fd34408186e4bbccfd4996cb3dc -> 
  custom:container-muxer-webm: aa71ff27fc2769a1b78a27578f13a17b -> 
  custom:container-demuxer-webm: 4f35f7cbe854078d1ac9338744f61a02 -> 
  custom:container-demuxer-ogg: 62fdf1f143b41e24485cea50d1cbac27 -> 
  custom:video-encoder-webm-vp8: eb34c28f22e8b96e1ab97ce403110664 -> 
  custom:video-decoder-webm-vp8: 9c59270c3fd7afecdb556c50c9e8de78 -> 
  custom:audio-decoder-ogg-vorbis: bf7c407c2cedff20999df2af8eb42d56 -> 
  custom:audio-encoder-webm-vorbis: bf7c407c2cedff20999df2af8eb42d56 -> 
========================================================================
Received Prepare
Registering precompiled user dll's ...
Registered in 0.004556 seconds.
Begin MonoManager ReloadAssembly
Native extension for WindowsStandalone target not found
Refreshing native plugins compatible for Editor in 0.81 ms, found 6 plugins.
Preloading 1 native plugins for Editor in 0.06 ms.
Mono: successfully reloaded assembly
- Completed reload, in  4.520 seconds
Platform modules already initialized, skipping
Shader 'Oculus/OVRMRCameraFrameLit': fallback shader 'Alpha-Diffuse' not found
Refreshing native plugins compatible for Editor in 0.82 ms, found 6 plugins.
Preloading 1 native plugins for Editor in 0.05 ms.
Unloading 2633 Unused Serialized files (Serialized files now loaded: 0)
System memory in use before: 140.0 MB.
System memory in use after: 140.2 MB.

Unloading 38 unused Assets to reduce memory usage. Loaded Objects now: 3191.
Total: 3.047958 ms (FindLiveObjects: 0.254708 ms CreateObjectMapping: 0.124500 ms MarkObjects: 2.146042 ms  DeleteObjects: 0.207208 ms)

AssetImportParameters requested are different than current active one (requested -> active):
  custom:framework-win-MediaFoundation: 216162199b28c13a410421893ffa2e32 -> 
  custom:video-decoder-ogg-theora: a1e56fd34408186e4bbccfd4996cb3dc -> 
  custom:container-muxer-webm: aa71ff27fc2769a1b78a27578f13a17b -> 
  custom:container-demuxer-webm: 4f35f7cbe854078d1ac9338744f61a02 -> 
  custom:container-demuxer-ogg: 62fdf1f143b41e24485cea50d1cbac27 -> 
  custom:video-encoder-webm-vp8: eb34c28f22e8b96e1ab97ce403110664 -> 
  custom:video-decoder-webm-vp8: 9c59270c3fd7afecdb556c50c9e8de78 -> 
  custom:audio-decoder-ogg-vorbis: bf7c407c2cedff20999df2af8eb42d56 -> 
  custom:audio-encoder-webm-vorbis: bf7c407c2cedff20999df2af8eb42d56 -> 
========================================================================
Received Prepare
Registering precompiled user dll's ...
Registered in 0.007474 seconds.
Begin MonoManager ReloadAssembly
Native extension for WindowsStandalone target not found
Refreshing native plugins compatible for Editor in 0.80 ms, found 6 plugins.
Preloading 1 native plugins for Editor in 0.06 ms.
Mono: successfully reloaded assembly
- Completed reload, in  3.789 seconds
Platform modules already initialized, skipping
Shader 'Oculus/OVRMRCameraFrameLit': fallback shader 'Alpha-Diffuse' not found
Refreshing native plugins compatible for Editor in 0.81 ms, found 6 plugins.
Preloading 1 native plugins for Editor in 0.04 ms.
Unloading 2633 Unused Serialized files (Serialized files now loaded: 0)
System memory in use before: 140.1 MB.
System memory in use after: 140.3 MB.

Unloading 38 unused Assets to reduce memory usage. Loaded Objects now: 3195.
Total: 2.519083 ms (FindLiveObjects: 0.239583 ms CreateObjectMapping: 0.114250 ms MarkObjects: 2.017458 ms  DeleteObjects: 0.116333 ms)

AssetImportParameters requested are different than current active one (requested -> active):
  custom:framework-win-MediaFoundation: 216162199b28c13a410421893ffa2e32 -> 
  custom:video-decoder-ogg-theora: a1e56fd34408186e4bbccfd4996cb3dc -> 
  custom:container-muxer-webm: aa71ff27fc2769a1b78a27578f13a17b -> 
  custom:container-demuxer-webm: 4f35f7cbe854078d1ac9338744f61a02 -> 
  custom:container-demuxer-ogg: 62fdf1f143b41e24485cea50d1cbac27 -> 
  custom:video-encoder-webm-vp8: eb34c28f22e8b96e1ab97ce403110664 -> 
  custom:video-decoder-webm-vp8: 9c59270c3fd7afecdb556c50c9e8de78 -> 
  custom:audio-decoder-ogg-vorbis: bf7c407c2cedff20999df2af8eb42d56 -> 
  custom:audio-encoder-webm-vorbis: bf7c407c2cedff20999df2af8eb42d56 -> 
========================================================================
Received Prepare
Registering precompiled user dll's ...
Registered in 0.004385 seconds.
Begin MonoManager ReloadAssembly
Native extension for WindowsStandalone target not found
Refreshing native plugins compatible for Editor in 1.04 ms, found 6 plugins.
Preloading 1 native plugins for Editor in 0.07 ms.
Mono: successfully reloaded assembly
- Completed reload, in  4.371 seconds
Platform modules already initialized, skipping
Shader 'Oculus/OVRMRCameraFrameLit': fallback shader 'Alpha-Diffuse' not found
Refreshing native plugins compatible for Editor in 1.37 ms, found 6 plugins.
Preloading 1 native plugins for Editor in 0.11 ms.
Unloading 2633 Unused Serialized files (Serialized files now loaded: 0)
System memory in use before: 140.1 MB.
System memory in use after: 140.3 MB.

Unloading 38 unused Assets to reduce memory usage. Loaded Objects now: 3199.
Total: 3.860958 ms (FindLiveObjects: 0.288625 ms CreateObjectMapping: 0.285917 ms MarkObjects: 2.927125 ms  DeleteObjects: 0.228750 ms)

AssetImportParameters requested are different than current active one (requested -> active):
  custom:framework-win-MediaFoundation: 216162199b28c13a410421893ffa2e32 -> 
  custom:video-decoder-ogg-theora: a1e56fd34408186e4bbccfd4996cb3dc -> 
  custom:container-muxer-webm: aa71ff27fc2769a1b78a27578f13a17b -> 
  custom:container-demuxer-webm: 4f35f7cbe854078d1ac9338744f61a02 -> 
  custom:container-demuxer-ogg: 62fdf1f143b41e24485cea50d1cbac27 -> 
  custom:video-encoder-webm-vp8: eb34c28f22e8b96e1ab97ce403110664 -> 
  custom:video-decoder-webm-vp8: 9c59270c3fd7afecdb556c50c9e8de78 -> 
  custom:audio-decoder-ogg-vorbis: bf7c407c2cedff20999df2af8eb42d56 -> 
  custom:audio-encoder-webm-vorbis: bf7c407c2cedff20999df2af8eb42d56 -> 
========================================================================
Received Import Request.
  Time since last request: 13523.295178 seconds.
  path: Packages/com.unity.probuilder/Content/Material/Checker.mat
  artifactKey: Guid(4717b199010ca4cb3a8a7a465ec457d2) Importer(815301076,1909f56bfc062723c751e8b465ee728b)
Start importing Packages/com.unity.probuilder/Content/Material/Checker.mat using Guid(4717b199010ca4cb3a8a7a465ec457d2) Importer(815301076,1909f56bfc062723c751e8b465ee728b)  -> (artifact id: '1e9cc05b182fa831cd6c3345592eb77b') in 0.613516 seconds 
  Import took 0.633936 seconds .

========================================================================
Received Import Request.
  Time since last request: 0.000598 seconds.
  path: Packages/com.unity.probuilder/Content/Resources/Materials/FacePicker.mat
  artifactKey: Guid(5695904020f064fdab5ad265b274a616) Importer(815301076,1909f56bfc062723c751e8b465ee728b)
Start importing Packages/com.unity.probuilder/Content/Resources/Materials/FacePicker.mat using Guid(5695904020f064fdab5ad265b274a616) Importer(815301076,1909f56bfc062723c751e8b465ee728b)  -> (artifact id: '2f70878b45adf3d082628ad7d5ad9c24') in 0.057738 seconds 
  Import took 0.078283 seconds .

========================================================================
Received Import Request.
  Time since last request: 0.000186 seconds.
  path: Packages/com.unity.probuilder/Content/Resources/Materials/EdgePickerHDRP.mat
  artifactKey: Guid(980c24c5a501a9a429356d191ad356a9) Importer(815301076,1909f56bfc062723c751e8b465ee728b)
Start importing Packages/com.unity.probuilder/Content/Resources/Materials/EdgePickerHDRP.mat using Guid(980c24c5a501a9a429356d191ad356a9) Importer(815301076,1909f56bfc062723c751e8b465ee728b)  -> (artifact id: '0c175e8bfe75860b542cac7b9bba7728') in 0.017856 seconds 
  Import took 0.030711 seconds .

========================================================================
Received Import Request.
  Time since last request: 0.000270 seconds.
  path: Packages/com.unity.probuilder/Content/Resources/Materials/EdgePicker.mat
  artifactKey: Guid(4ff996e3a0a5743a3987ab6231160665) Importer(815301076,1909f56bfc062723c751e8b465ee728b)
Start importing Packages/com.unity.probuilder/Content/Resources/Materials/EdgePicker.mat using Guid(4ff996e3a0a5743a3987ab6231160665) Importer(815301076,1909f56bfc062723c751e8b465ee728b)  -> (artifact id: 'dd28d434726e9e97d045a08030b0203f') in 0.015540 seconds 
  Import took 0.025404 seconds .

========================================================================
Received Import Request.
  Time since last request: 0.000212 seconds.
  path: Packages/com.unity.probuilder/Content/Resources/Materials/Collider.mat
  artifactKey: Guid(bbb235fff4f48426b863b36058ab66d2) Importer(815301076,1909f56bfc062723c751e8b465ee728b)
Start importing Packages/com.unity.probuilder/Content/Resources/Materials/Collider.mat using Guid(bbb235fff4f48426b863b36058ab66d2) Importer(815301076,1909f56bfc062723c751e8b465ee728b)  -> (artifact id: '44a42be3d3ff4523c0a6370be823cc43') in 0.040549 seconds 
  Import took 0.046835 seconds .

========================================================================
Received Import Request.
  Time since last request: 0.000373 seconds.
  path: Packages/com.unity.probuilder/Content/Resources/Materials/FacePickerHDRP.mat
  artifactKey: Guid(a53ef0dd76f2fe74eb5f43267d7c0195) Importer(815301076,1909f56bfc062723c751e8b465ee728b)
Start importing Packages/com.unity.probuilder/Content/Resources/Materials/FacePickerHDRP.mat using Guid(a53ef0dd76f2fe74eb5f43267d7c0195) Importer(815301076,1909f56bfc062723c751e8b465ee728b)  -> (artifact id: '2b3a98f947b9445050f05ee155da7b12') in 0.024183 seconds 
  Import took 0.033805 seconds .

========================================================================
Received Import Request.
  Time since last request: 0.648627 seconds.
  path: Packages/com.unity.probuilder/Content/Resources/Materials/InvisibleFace.mat
  artifactKey: Guid(978bbcf5050244f1b95128c04103f628) Importer(815301076,1909f56bfc062723c751e8b465ee728b)
Start importing Packages/com.unity.probuilder/Content/Resources/Materials/InvisibleFace.mat using Guid(978bbcf5050244f1b95128c04103f628) Importer(815301076,1909f56bfc062723c751e8b465ee728b)  -> (artifact id: '6d1d76733010469944841b9ed426a584') in 0.015613 seconds 
  Import took 0.026438 seconds .

========================================================================
Received Import Request.
  Time since last request: 0.710241 seconds.
  path: Packages/com.unity.probuilder/Content/Resources/Materials/NoDraw.mat
  artifactKey: Guid(8cb4d6fee77fd4ee6895f08b240d625f) Importer(815301076,1909f56bfc062723c751e8b465ee728b)
Start importing Packages/com.unity.probuilder/Content/Resources/Materials/NoDraw.mat using Guid(8cb4d6fee77fd4ee6895f08b240d625f) Importer(815301076,1909f56bfc062723c751e8b465ee728b)  -> (artifact id: '535e3ab3f50e3318f2107a16560a9599') in 0.042006 seconds 
  Import took 0.048485 seconds .

========================================================================
Received Import Request.
  Time since last request: 0.002902 seconds.
  path: Packages/com.unity.probuilder/Content/Resources/Materials/NoDraw.mat
  artifactKey: Guid(8cb4d6fee77fd4ee6895f08b240d625f) Importer(815301076,1909f56bfc062723c751e8b465ee728b)
Start importing Packages/com.unity.probuilder/Content/Resources/Materials/NoDraw.mat using Guid(8cb4d6fee77fd4ee6895f08b240d625f) Importer(815301076,1909f56bfc062723c751e8b465ee728b)  -> (artifact id: '535e3ab3f50e3318f2107a16560a9599') in 0.006170 seconds 
  Import took 0.022154 seconds .

========================================================================
Received Import Request.
  Time since last request: 0.523083 seconds.
  path: Packages/com.unity.probuilder/Content/Resources/Materials/ProBuilderDefault.mat
  artifactKey: Guid(c22777d6e868e4f2fb421913386b154e) Importer(815301076,1909f56bfc062723c751e8b465ee728b)
Start importing Packages/com.unity.probuilder/Content/Resources/Materials/ProBuilderDefault.mat using Guid(c22777d6e868e4f2fb421913386b154e) Importer(815301076,1909f56bfc062723c751e8b465ee728b)  -> (artifact id: '68dd98fd11319920ff295739c34f63f1') in 0.036680 seconds 
  Import took 0.049958 seconds .

========================================================================
Received Import Request.
  Time since last request: 0.977058 seconds.
  path: Packages/com.unity.probuilder/Content/Resources/Materials/StandardVertexColorHDRP.mat
  artifactKey: Guid(c35693c079f3840f7938a4a323096e84) Importer(815301076,1909f56bfc062723c751e8b465ee728b)
Start importing Packages/com.unity.probuilder/Content/Resources/Materials/StandardVertexColorHDRP.mat using Guid(c35693c079f3840f7938a4a323096e84) Importer(815301076,1909f56bfc062723c751e8b465ee728b)  -> (artifact id: '4898ecb15b18d657cff0ef6fc0ccc918') in 0.023054 seconds 
  Import took 0.040399 seconds .

========================================================================
Received Import Request.
  Time since last request: 0.000288 seconds.
  path: Packages/com.unity.probuilder/Content/Resources/Materials/StandardVertexColorLWRP.mat
  artifactKey: Guid(077a003b1de1e4c35923be7a21b5d948) Importer(815301076,1909f56bfc062723c751e8b465ee728b)
Start importing Packages/com.unity.probuilder/Content/Resources/Materials/StandardVertexColorLWRP.mat using Guid(077a003b1de1e4c35923be7a21b5d948) Importer(815301076,1909f56bfc062723c751e8b465ee728b)  -> (artifact id: '7dd53f1a95c970b3c37f59e4c6214781') in 0.016627 seconds 
  Import took 0.025247 seconds .

========================================================================
Received Import Request.
  Time since last request: 0.509323 seconds.
  path: Packages/com.unity.probuilder/Content/Resources/Materials/Trigger.mat
  artifactKey: Guid(a1e97cbf2538241b691aae8243b5fb10) Importer(815301076,1909f56bfc062723c751e8b465ee728b)
Start importing Packages/com.unity.probuilder/Content/Resources/Materials/Trigger.mat using Guid(a1e97cbf2538241b691aae8243b5fb10) Importer(815301076,1909f56bfc062723c751e8b465ee728b)  -> (artifact id: 'a864cbe837a8ae0be4bbed7b0fb49c8c') in 0.052827 seconds 
  Import took 0.072803 seconds .

========================================================================
Received Import Request.
  Time since last request: 0.000372 seconds.
  path: Packages/com.unity.probuilder/Content/Resources/Materials/VertexPickerHDRP.mat
  artifactKey: Guid(7d5c9fc287a2aa945a98203d41282923) Importer(815301076,1909f56bfc062723c751e8b465ee728b)
Start importing Packages/com.unity.probuilder/Content/Resources/Materials/VertexPickerHDRP.mat using Guid(7d5c9fc287a2aa945a98203d41282923) Importer(815301076,1909f56bfc062723c751e8b465ee728b)  -> (artifact id: 'cb42c4803d323621ff198c7114ce5bc8') in 0.014957 seconds 
  Import took 0.027736 seconds .

========================================================================
Received Import Request.
  Time since last request: 0.000207 seconds.
  path: Packages/com.unity.probuilder/Content/Resources/Materials/VertexPicker.mat
  artifactKey: Guid(30a8575e1d4cc4e01a88ffbf4f973d80) Importer(815301076,1909f56bfc062723c751e8b465ee728b)
Start importing Packages/com.unity.probuilder/Content/Resources/Materials/VertexPicker.mat using Guid(30a8575e1d4cc4e01a88ffbf4f973d80) Importer(815301076,1909f56bfc062723c751e8b465ee728b)  -> (artifact id: '74419ede2ecdcd5f9eacb169ebf104f5') in 0.011114 seconds 
  Import took 0.031808 seconds .

========================================================================
Received Import Request.
  Time since last request: 0.000193 seconds.
  path: Packages/com.unity.probuilder/Content/Resources/Materials/UnlitVertexColor.mat
  artifactKey: Guid(29966c3c0907b49b58c4e59342d020cf) Importer(815301076,1909f56bfc062723c751e8b465ee728b)
Start importing Packages/com.unity.probuilder/Content/Resources/Materials/UnlitVertexColor.mat using Guid(29966c3c0907b49b58c4e59342d020cf) Importer(815301076,1909f56bfc062723c751e8b465ee728b)  -> (artifact id: 'bb5debeb4a73f8b98f8fe5c2ffbdf46e') in 0.011380 seconds 
  Import took 0.015476 seconds .

========================================================================
Received Prepare
Registering precompiled user dll's ...
Registered in 0.007869 seconds.
Begin MonoManager ReloadAssembly
Native extension for WindowsStandalone target not found
Refreshing native plugins compatible for Editor in 0.92 ms, found 6 plugins.
Preloading 1 native plugins for Editor in 0.08 ms.
Mono: successfully reloaded assembly
- Completed reload, in  3.771 seconds
Platform modules already initialized, skipping
Shader 'Oculus/OVRMRCameraFrameLit': fallback shader 'Alpha-Diffuse' not found
Refreshing native plugins compatible for Editor in 0.78 ms, found 6 plugins.
Preloading 1 native plugins for Editor in 0.04 ms.
Unloading 2633 Unused Serialized files (Serialized files now loaded: 0)
System memory in use before: 143.3 MB.
System memory in use after: 143.5 MB.

Unloading 38 unused Assets to reduce memory usage. Loaded Objects now: 3243.
Total: 2.576083 ms (FindLiveObjects: 0.248958 ms CreateObjectMapping: 0.120833 ms MarkObjects: 2.067833 ms  DeleteObjects: 0.116000 ms)

AssetImportParameters requested are different than current active one (requested -> active):
  custom:framework-win-MediaFoundation: 216162199b28c13a410421893ffa2e32 -> 
  custom:video-decoder-ogg-theora: a1e56fd34408186e4bbccfd4996cb3dc -> 
  custom:container-muxer-webm: aa71ff27fc2769a1b78a27578f13a17b -> 
  custom:container-demuxer-webm: 4f35f7cbe854078d1ac9338744f61a02 -> 
  custom:container-demuxer-ogg: 62fdf1f143b41e24485cea50d1cbac27 -> 
  custom:video-encoder-webm-vp8: eb34c28f22e8b96e1ab97ce403110664 -> 
  custom:video-decoder-webm-vp8: 9c59270c3fd7afecdb556c50c9e8de78 -> 
  custom:audio-decoder-ogg-vorbis: bf7c407c2cedff20999df2af8eb42d56 -> 
  custom:audio-encoder-webm-vorbis: bf7c407c2cedff20999df2af8eb42d56 -> 
========================================================================
Received Import Request.
  Time since last request: 4043.906182 seconds.
  path: Assets/Free/Wooden Floor Pack/Textures
  artifactKey: Guid(cb8eb2715f75fd749a4ef1d2a357ca53) Importer(815301076,1909f56bfc062723c751e8b465ee728b)
Start importing Assets/Free/Wooden Floor Pack/Textures using Guid(cb8eb2715f75fd749a4ef1d2a357ca53) Importer(815301076,1909f56bfc062723c751e8b465ee728b)  -> (artifact id: 'ff1b5a012450bb08c4c4b50b329865fe') in 0.017354 seconds 
  Import took 0.047033 seconds .

========================================================================
Received Import Request.
  Time since last request: 0.003371 seconds.
  path: Assets/Free/Wooden Floor Pack/Textures
  artifactKey: Guid(cb8eb2715f75fd749a4ef1d2a357ca53) Importer(815301076,1909f56bfc062723c751e8b465ee728b)
Start importing Assets/Free/Wooden Floor Pack/Textures using Guid(cb8eb2715f75fd749a4ef1d2a357ca53) Importer(815301076,1909f56bfc062723c751e8b465ee728b)  -> (artifact id: 'ff1b5a012450bb08c4c4b50b329865fe') in 0.002081 seconds 
  Import took 0.009594 seconds .

========================================================================
Received Import Request.
  Time since last request: 1.289326 seconds.
  path: Assets/Free/Wooden Floor Pack/Textures/Wooden Floor
  artifactKey: Guid(41e485d614b14d64698328c400d3ae48) Importer(815301076,1909f56bfc062723c751e8b465ee728b)
Start importing Assets/Free/Wooden Floor Pack/Textures/Wooden Floor using Guid(41e485d614b14d64698328c400d3ae48) Importer(815301076,1909f56bfc062723c751e8b465ee728b)  -> (artifact id: 'd7cfcab754dc3d2e42eb5bf002c2c443') in 0.016993 seconds 
  Import took 0.023392 seconds .

========================================================================
Received Import Request.
  Time since last request: 0.290662 seconds.
  path: Assets/Free/Wooden Floor Pack/Textures/Wooden Floor/Wooden Floor_4K_Albedo.tga
  artifactKey: Guid(8e343a29d61854e4ea2e2d3a6d86f82c) Importer(815301076,1909f56bfc062723c751e8b465ee728b)
Start importing Assets/Free/Wooden Floor Pack/Textures/Wooden Floor/Wooden Floor_4K_Albedo.tga using Guid(8e343a29d61854e4ea2e2d3a6d86f82c) Importer(815301076,1909f56bfc062723c751e8b465ee728b)  -> (artifact id: 'd68f2b259cbdbdf828aad0fde9b9d00e') in 0.368038 seconds 
  Import took 0.408262 seconds .

========================================================================
Received Import Request.
  Time since last request: 0.000366 seconds.
  path: Assets/Free/Wooden Floor Pack/Textures/Wooden Floor/Wooden Floor_4K_Metalness.tga
  artifactKey: Guid(7e834f07a4703ef43bc7966cfb2b793b) Importer(815301076,1909f56bfc062723c751e8b465ee728b)
Start importing Assets/Free/Wooden Floor Pack/Textures/Wooden Floor/Wooden Floor_4K_Metalness.tga using Guid(7e834f07a4703ef43bc7966cfb2b793b) Importer(815301076,1909f56bfc062723c751e8b465ee728b)  -> (artifact id: '4032fa4b79b2da141c57b7684782d058') in 0.034993 seconds 
  Import took 0.062115 seconds .

========================================================================
Received Import Request.
  Time since last request: 0.000244 seconds.
  path: Assets/Free/Wooden Floor Pack/Textures/Wooden Floor/Wooden Floor_4K_Gloss.tga
  artifactKey: Guid(f5e6c3e070d732c47bc9f7b02c519e31) Importer(815301076,1909f56bfc062723c751e8b465ee728b)
Start importing Assets/Free/Wooden Floor Pack/Textures/Wooden Floor/Wooden Floor_4K_Gloss.tga using Guid(f5e6c3e070d732c47bc9f7b02c519e31) Importer(815301076,1909f56bfc062723c751e8b465ee728b)  -> (artifact id: '420710d8a3b8f3c472a1c681407325d8') in 0.010238 seconds 
  Import took 0.023290 seconds .

========================================================================
Received Import Request.
  Time since last request: 0.000246 seconds.
  path: Assets/Free/Wooden Floor Pack/Textures/Wooden Floor/Wooden Floor_4K_Roughness.tga
  artifactKey: Guid(7136ec304def3064fb21aa4ba8a0502e) Importer(815301076,1909f56bfc062723c751e8b465ee728b)
Start importing Assets/Free/Wooden Floor Pack/Textures/Wooden Floor/Wooden Floor_4K_Roughness.tga using Guid(7136ec304def3064fb21aa4ba8a0502e) Importer(815301076,1909f56bfc062723c751e8b465ee728b)  -> (artifact id: '5739300665ec2437df86ed007b724e00') in 0.017863 seconds 
  Import took 0.021939 seconds .

========================================================================
Received Import Request.
  Time since last request: 0.000198 seconds.
  path: Assets/Free/Wooden Floor Pack/Textures/Wooden Floor/Wooden Floor_4K_Normal.tga
  artifactKey: Guid(3dd2c9f9f13e2984fb0a63f13569bf18) Importer(815301076,1909f56bfc062723c751e8b465ee728b)
Start importing Assets/Free/Wooden Floor Pack/Textures/Wooden Floor/Wooden Floor_4K_Normal.tga using Guid(3dd2c9f9f13e2984fb0a63f13569bf18) Importer(815301076,1909f56bfc062723c751e8b465ee728b)  -> (artifact id: '3f392914b8dea4fd315904d21308f1e5') in 0.059797 seconds 
  Import took 0.065289 seconds .

========================================================================
Received Import Request.
  Time since last request: 0.000204 seconds.
  path: Assets/Free/Wooden Floor Pack/Textures/Wooden Floor/Wooden Floor_4K_Displacement.tga
  artifactKey: Guid(d0340bf4adec4614190161165489af27) Importer(815301076,1909f56bfc062723c751e8b465ee728b)
Start importing Assets/Free/Wooden Floor Pack/Textures/Wooden Floor/Wooden Floor_4K_Displacement.tga using Guid(d0340bf4adec4614190161165489af27) Importer(815301076,1909f56bfc062723c751e8b465ee728b)  -> (artifact id: '780e406dc37b56b31ca3664880ca1d18') in 0.014371 seconds 
  Import took 0.018347 seconds .

========================================================================
Received Import Request.
  Time since last request: 10.458459 seconds.
  path: Assets/Free/Wooden Floor Pack/Textures/Wooden Floor2
  artifactKey: Guid(ddba1bb09927d9e469915a5e799f4daa) Importer(815301076,1909f56bfc062723c751e8b465ee728b)
Start importing Assets/Free/Wooden Floor Pack/Textures/Wooden Floor2 using Guid(ddba1bb09927d9e469915a5e799f4daa) Importer(815301076,1909f56bfc062723c751e8b465ee728b)  -> (artifact id: '0b543856f61f1002531f28f5f6396762') in 0.007060 seconds 
  Import took 0.083805 seconds .

========================================================================
Received Import Request.
  Time since last request: 0.000284 seconds.
  path: Assets/Free/Wooden Floor Pack/Textures/Wooden Floor2/Wooden Floor2_4K_Displacement.tga
  artifactKey: Guid(079f5a1f3a99b5b45b859abf658a294d) Importer(815301076,1909f56bfc062723c751e8b465ee728b)
Start importing Assets/Free/Wooden Floor Pack/Textures/Wooden Floor2/Wooden Floor2_4K_Displacement.tga using Guid(079f5a1f3a99b5b45b859abf658a294d) Importer(815301076,1909f56bfc062723c751e8b465ee728b)  -> (artifact id: 'b82266954cd0db4e2a83f4aa45588ae5') in 0.021147 seconds 
  Import took 0.038959 seconds .

========================================================================
Received Import Request.
  Time since last request: 0.000286 seconds.
  path: Assets/Free/Wooden Floor Pack/Textures/Wooden Floor2/Wooden Floor2_4K_Albedo.tga
  artifactKey: Guid(bf20028737caea2408056161cb347fa9) Importer(815301076,1909f56bfc062723c751e8b465ee728b)
Start importing Assets/Free/Wooden Floor Pack/Textures/Wooden Floor2/Wooden Floor2_4K_Albedo.tga using Guid(bf20028737caea2408056161cb347fa9) Importer(815301076,1909f56bfc062723c751e8b465ee728b)  -> (artifact id: '4aba47a6d7d620db289e8053f428f799') in 0.013750 seconds 
  Import took 0.031802 seconds .

========================================================================
Received Import Request.
  Time since last request: 0.000209 seconds.
  path: Assets/Free/Wooden Floor Pack/Textures/Wooden Floor2/Wooden Floor2_4K_Metalness.tga
  artifactKey: Guid(c7e63f17374c41f408fcb8b7db64cdeb) Importer(815301076,1909f56bfc062723c751e8b465ee728b)
Start importing Assets/Free/Wooden Floor Pack/Textures/Wooden Floor2/Wooden Floor2_4K_Metalness.tga using Guid(c7e63f17374c41f408fcb8b7db64cdeb) Importer(815301076,1909f56bfc062723c751e8b465ee728b)  -> (artifact id: '0138f8846f77f8202c162cb38bac6d30') in 0.016860 seconds 
  Import took 0.025244 seconds .

========================================================================
Received Import Request.
  Time since last request: 0.000300 seconds.
  path: Assets/Free/Wooden Floor Pack/Textures/Wooden Floor2/Wooden Floor2_4K_Normal.tga
  artifactKey: Guid(a30d68615ce3b244d8f5262280bf3d81) Importer(815301076,1909f56bfc062723c751e8b465ee728b)
Start importing Assets/Free/Wooden Floor Pack/Textures/Wooden Floor2/Wooden Floor2_4K_Normal.tga using Guid(a30d68615ce3b244d8f5262280bf3d81) Importer(815301076,1909f56bfc062723c751e8b465ee728b)  -> (artifact id: '6396a33cace35c5c69a24221c9acefd8') in 0.015517 seconds 
  Import took 0.025277 seconds .

========================================================================
Received Import Request.
  Time since last request: 0.000201 seconds.
  path: Assets/Free/Wooden Floor Pack/Textures/Wooden Floor2/Wooden Floor2_4K_Roughness.tga
  artifactKey: Guid(3ae19a12eaa045b4eaaf1bb32fe82f2e) Importer(815301076,1909f56bfc062723c751e8b465ee728b)
Start importing Assets/Free/Wooden Floor Pack/Textures/Wooden Floor2/Wooden Floor2_4K_Roughness.tga using Guid(3ae19a12eaa045b4eaaf1bb32fe82f2e) Importer(815301076,1909f56bfc062723c751e8b465ee728b)  -> (artifact id: 'a304a5d49b1ae1c4d3835e03619457a0') in 0.013454 seconds 
  Import took 0.024082 seconds .

========================================================================
Received Import Request.
  Time since last request: 0.000224 seconds.
  path: Assets/Free/Wooden Floor Pack/Textures/Wooden Floor2/Wooden Floor2_4K_Gloss.tga
  artifactKey: Guid(167cead128e3a7648a4cf839716af3bf) Importer(815301076,1909f56bfc062723c751e8b465ee728b)
Start importing Assets/Free/Wooden Floor Pack/Textures/Wooden Floor2/Wooden Floor2_4K_Gloss.tga using Guid(167cead128e3a7648a4cf839716af3bf) Importer(815301076,1909f56bfc062723c751e8b465ee728b)  -> (artifact id: 'a35efbab7331af43a41c69ac45c8cd58') in 0.016501 seconds 
  Import took 0.023836 seconds .

========================================================================
Received Import Request.
  Time since last request: 115.648381 seconds.
  path: Assets/Scripts/SawCut.cs
  artifactKey: Guid(1f85a54cf4985bf48bdf6f9ed1d5ed97) Importer(815301076,1909f56bfc062723c751e8b465ee728b)
Start importing Assets/Scripts/SawCut.cs using Guid(1f85a54cf4985bf48bdf6f9ed1d5ed97) Importer(815301076,1909f56bfc062723c751e8b465ee728b)  -> (artifact id: '5984e0a2317f16ba92bee74eac44c505') in 0.002171 seconds 
  Import took 0.035738 seconds .

========================================================================
Received Import Request.
  Time since last request: 1.105932 seconds.
  path: Assets/Scripts/SawEmu2.cs
  artifactKey: Guid(981f8956e6ba9de489e4e7dca02bf449) Importer(815301076,1909f56bfc062723c751e8b465ee728b)
Start importing Assets/Scripts/SawEmu2.cs using Guid(981f8956e6ba9de489e4e7dca02bf449) Importer(815301076,1909f56bfc062723c751e8b465ee728b)  -> (artifact id: '1595f6223267b649d6dbb48bbccc17aa') in 0.006122 seconds 
  Import took 0.018966 seconds .

========================================================================
Received Import Request.
  Time since last request: 139.541932 seconds.
  path: Assets/Samples
  artifactKey: Guid(79e74a6defd8b6741abc4ab331284b1d) Importer(815301076,1909f56bfc062723c751e8b465ee728b)
Start importing Assets/Samples using Guid(79e74a6defd8b6741abc4ab331284b1d) Importer(815301076,1909f56bfc062723c751e8b465ee728b)  -> (artifact id: '32548589913a3a4a3d6f3443b291d2a1') in 0.006601 seconds 
  Import took 0.413625 seconds .

========================================================================
Received Prepare
Registering precompiled user dll's ...
Registered in 0.005581 seconds.
Begin MonoManager ReloadAssembly
Native extension for WindowsStandalone target not found
Refreshing native plugins compatible for Editor in 0.84 ms, found 6 plugins.
Preloading 1 native plugins for Editor in 0.07 ms.
Mono: successfully reloaded assembly
- Completed reload, in  6.288 seconds
Platform modules already initialized, skipping
Shader 'Oculus/OVRMRCameraFrameLit': fallback shader 'Alpha-Diffuse' not found
Refreshing native plugins compatible for Editor in 0.81 ms, found 6 plugins.
Preloading 1 native plugins for Editor in 0.04 ms.
Unloading 2633 Unused Serialized files (Serialized files now loaded: 0)
System memory in use before: 143.4 MB.
System memory in use after: 143.6 MB.

Unloading 38 unused Assets to reduce memory usage. Loaded Objects now: 3250.
Total: 4.056750 ms (FindLiveObjects: 0.337083 ms CreateObjectMapping: 0.206750 ms MarkObjects: 3.256333 ms  DeleteObjects: 0.162208 ms)

AssetImportParameters requested are different than current active one (requested -> active):
  custom:framework-win-MediaFoundation: 216162199b28c13a410421893ffa2e32 -> 
  custom:video-decoder-ogg-theora: a1e56fd34408186e4bbccfd4996cb3dc -> 
  custom:container-muxer-webm: aa71ff27fc2769a1b78a27578f13a17b -> 
  custom:container-demuxer-webm: 4f35f7cbe854078d1ac9338744f61a02 -> 
  custom:container-demuxer-ogg: 62fdf1f143b41e24485cea50d1cbac27 -> 
  custom:video-encoder-webm-vp8: eb34c28f22e8b96e1ab97ce403110664 -> 
  custom:video-decoder-webm-vp8: 9c59270c3fd7afecdb556c50c9e8de78 -> 
  custom:audio-decoder-ogg-vorbis: bf7c407c2cedff20999df2af8eb42d56 -> 
  custom:audio-encoder-webm-vorbis: bf7c407c2cedff20999df2af8eb42d56 -> 
========================================================================
Received Prepare
Registering precompiled user dll's ...
Registered in 0.004000 seconds.
Begin MonoManager ReloadAssembly
Native extension for WindowsStandalone target not found
Refreshing native plugins compatible for Editor in 1.45 ms, found 6 plugins.
Preloading 1 native plugins for Editor in 0.10 ms.
Mono: successfully reloaded assembly
- Completed reload, in  5.440 seconds
Platform modules already initialized, skipping
Shader 'Oculus/OVRMRCameraFrameLit': fallback shader 'Alpha-Diffuse' not found
Refreshing native plugins compatible for Editor in 0.85 ms, found 6 plugins.
Preloading 1 native plugins for Editor in 0.05 ms.
Unloading 2633 Unused Serialized files (Serialized files now loaded: 0)
System memory in use before: 143.4 MB.
System memory in use after: 143.6 MB.

Unloading 38 unused Assets to reduce memory usage. Loaded Objects now: 3254.
Total: 12.839458 ms (FindLiveObjects: 0.270250 ms CreateObjectMapping: 0.126250 ms MarkObjects: 12.091917 ms  DeleteObjects: 0.265625 ms)

AssetImportParameters requested are different than current active one (requested -> active):
  custom:framework-win-MediaFoundation: 216162199b28c13a410421893ffa2e32 -> 
  custom:video-decoder-ogg-theora: a1e56fd34408186e4bbccfd4996cb3dc -> 
  custom:container-muxer-webm: aa71ff27fc2769a1b78a27578f13a17b -> 
  custom:container-demuxer-webm: 4f35f7cbe854078d1ac9338744f61a02 -> 
  custom:container-demuxer-ogg: 62fdf1f143b41e24485cea50d1cbac27 -> 
  custom:video-encoder-webm-vp8: eb34c28f22e8b96e1ab97ce403110664 -> 
  custom:video-decoder-webm-vp8: 9c59270c3fd7afecdb556c50c9e8de78 -> 
  custom:audio-decoder-ogg-vorbis: bf7c407c2cedff20999df2af8eb42d56 -> 
  custom:audio-encoder-webm-vorbis: bf7c407c2cedff20999df2af8eb42d56 -> 
========================================================================
Received Prepare
Registering precompiled user dll's ...
Registered in 0.004485 seconds.
Begin MonoManager ReloadAssembly
Native extension for WindowsStandalone target not found
Refreshing native plugins compatible for Editor in 0.84 ms, found 6 plugins.
Preloading 1 native plugins for Editor in 0.06 ms.
Mono: successfully reloaded assembly
- Completed reload, in  5.056 seconds
Platform modules already initialized, skipping
Shader 'Oculus/OVRMRCameraFrameLit': fallback shader 'Alpha-Diffuse' not found
Refreshing native plugins compatible for Editor in 0.82 ms, found 6 plugins.
Preloading 1 native plugins for Editor in 0.05 ms.
Unloading 2634 Unused Serialized files (Serialized files now loaded: 0)
System memory in use before: 143.4 MB.
System memory in use after: 143.6 MB.

Unloading 38 unused Assets to reduce memory usage. Loaded Objects now: 3259.
Total: 2.883625 ms (FindLiveObjects: 0.285708 ms CreateObjectMapping: 0.141542 ms MarkObjects: 2.270667 ms  DeleteObjects: 0.131917 ms)

AssetImportParameters requested are different than current active one (requested -> active):
  custom:framework-win-MediaFoundation: 216162199b28c13a410421893ffa2e32 -> 
  custom:video-decoder-ogg-theora: a1e56fd34408186e4bbccfd4996cb3dc -> 
  custom:container-muxer-webm: aa71ff27fc2769a1b78a27578f13a17b -> 
  custom:container-demuxer-webm: 4f35f7cbe854078d1ac9338744f61a02 -> 
  custom:container-demuxer-ogg: 62fdf1f143b41e24485cea50d1cbac27 -> 
  custom:video-encoder-webm-vp8: eb34c28f22e8b96e1ab97ce403110664 -> 
  custom:video-decoder-webm-vp8: 9c59270c3fd7afecdb556c50c9e8de78 -> 
  custom:audio-decoder-ogg-vorbis: bf7c407c2cedff20999df2af8eb42d56 -> 
  custom:audio-encoder-webm-vorbis: bf7c407c2cedff20999df2af8eb42d56 -> 
========================================================================
Received Import Request.
  Time since last request: 3214.351484 seconds.
  path: Assets/Scripts/SliceTest.cs
  artifactKey: Guid(20eb935b9e0fa0d4ca59a17ffdaa237e) Importer(815301076,1909f56bfc062723c751e8b465ee728b)
Start importing Assets/Scripts/SliceTest.cs using Guid(20eb935b9e0fa0d4ca59a17ffdaa237e) Importer(815301076,1909f56bfc062723c751e8b465ee728b)  -> (artifact id: '7e65f60da79f81da159616795ab07187') in 0.010727 seconds 
  Import took 0.041652 seconds .

========================================================================
Received Prepare
Registering precompiled user dll's ...
Registered in 1.217750 seconds.
Begin MonoManager ReloadAssembly
Native extension for WindowsStandalone target not found
Refreshing native plugins compatible for Editor in 0.81 ms, found 6 plugins.
Preloading 1 native plugins for Editor in 0.07 ms.
Mono: successfully reloaded assembly
- Completed reload, in  3.545 seconds
Platform modules already initialized, skipping
Shader 'Oculus/OVRMRCameraFrameLit': fallback shader 'Alpha-Diffuse' not found
Refreshing native plugins compatible for Editor in 0.81 ms, found 6 plugins.
Preloading 1 native plugins for Editor in 0.04 ms.
Unloading 2634 Unused Serialized files (Serialized files now loaded: 0)
System memory in use before: 143.4 MB.
System memory in use after: 143.6 MB.

Unloading 38 unused Assets to reduce memory usage. Loaded Objects now: 3263.
Total: 2.839458 ms (FindLiveObjects: 0.297375 ms CreateObjectMapping: 0.130500 ms MarkObjects: 2.216250 ms  DeleteObjects: 0.123333 ms)

AssetImportParameters requested are different than current active one (requested -> active):
  custom:framework-win-MediaFoundation: 216162199b28c13a410421893ffa2e32 -> 
  custom:video-decoder-ogg-theora: a1e56fd34408186e4bbccfd4996cb3dc -> 
  custom:container-muxer-webm: aa71ff27fc2769a1b78a27578f13a17b -> 
  custom:container-demuxer-webm: 4f35f7cbe854078d1ac9338744f61a02 -> 
  custom:container-demuxer-ogg: 62fdf1f143b41e24485cea50d1cbac27 -> 
  custom:video-encoder-webm-vp8: eb34c28f22e8b96e1ab97ce403110664 -> 
  custom:video-decoder-webm-vp8: 9c59270c3fd7afecdb556c50c9e8de78 -> 
  custom:audio-decoder-ogg-vorbis: bf7c407c2cedff20999df2af8eb42d56 -> 
  custom:audio-encoder-webm-vorbis: bf7c407c2cedff20999df2af8eb42d56 -> 
========================================================================
Received Prepare
Registering precompiled user dll's ...
Registered in 0.004358 seconds.
Begin MonoManager ReloadAssembly
Native extension for WindowsStandalone target not found
Refreshing native plugins compatible for Editor in 0.82 ms, found 6 plugins.
Preloading 1 native plugins for Editor in 0.06 ms.
Mono: successfully reloaded assembly
- Completed reload, in  3.143 seconds
Platform modules already initialized, skipping
Shader 'Oculus/OVRMRCameraFrameLit': fallback shader 'Alpha-Diffuse' not found
Refreshing native plugins compatible for Editor in 2.34 ms, found 6 plugins.
Preloading 1 native plugins for Editor in 0.05 ms.
Unloading 2634 Unused Serialized files (Serialized files now loaded: 0)
System memory in use before: 143.4 MB.
System memory in use after: 143.6 MB.

Unloading 38 unused Assets to reduce memory usage. Loaded Objects now: 3267.
Total: 3.264708 ms (FindLiveObjects: 0.290750 ms CreateObjectMapping: 0.150000 ms MarkObjects: 2.628208 ms  DeleteObjects: 0.128208 ms)

AssetImportParameters requested are different than current active one (requested -> active):
  custom:framework-win-MediaFoundation: 216162199b28c13a410421893ffa2e32 -> 
  custom:video-decoder-ogg-theora: a1e56fd34408186e4bbccfd4996cb3dc -> 
  custom:container-muxer-webm: aa71ff27fc2769a1b78a27578f13a17b -> 
  custom:container-demuxer-webm: 4f35f7cbe854078d1ac9338744f61a02 -> 
  custom:container-demuxer-ogg: 62fdf1f143b41e24485cea50d1cbac27 -> 
  custom:video-encoder-webm-vp8: eb34c28f22e8b96e1ab97ce403110664 -> 
  custom:video-decoder-webm-vp8: 9c59270c3fd7afecdb556c50c9e8de78 -> 
  custom:audio-decoder-ogg-vorbis: bf7c407c2cedff20999df2af8eb42d56 -> 
  custom:audio-encoder-webm-vorbis: bf7c407c2cedff20999df2af8eb42d56 -> 
========================================================================
Received Prepare
Registering precompiled user dll's ...
Registered in 1.620158 seconds.
Begin MonoManager ReloadAssembly
Native extension for WindowsStandalone target not found
Refreshing native plugins compatible for Editor in 0.82 ms, found 6 plugins.
Preloading 1 native plugins for Editor in 0.07 ms.
Mono: successfully reloaded assembly
- Completed reload, in  4.980 seconds
Platform modules already initialized, skipping
Shader 'Oculus/OVRMRCameraFrameLit': fallback shader 'Alpha-Diffuse' not found
Refreshing native plugins compatible for Editor in 0.94 ms, found 6 plugins.
Preloading 1 native plugins for Editor in 0.05 ms.
Unloading 2634 Unused Serialized files (Serialized files now loaded: 0)
System memory in use before: 143.5 MB.
System memory in use after: 143.6 MB.

Unloading 38 unused Assets to reduce memory usage. Loaded Objects now: 3271.
Total: 2.738167 ms (FindLiveObjects: 0.276875 ms CreateObjectMapping: 0.132542 ms MarkObjects: 2.161250 ms  DeleteObjects: 0.122625 ms)

AssetImportParameters requested are different than current active one (requested -> active):
  custom:framework-win-MediaFoundation: 216162199b28c13a410421893ffa2e32 -> 
  custom:video-decoder-ogg-theora: a1e56fd34408186e4bbccfd4996cb3dc -> 
  custom:container-muxer-webm: aa71ff27fc2769a1b78a27578f13a17b -> 
  custom:container-demuxer-webm: 4f35f7cbe854078d1ac9338744f61a02 -> 
  custom:container-demuxer-ogg: 62fdf1f143b41e24485cea50d1cbac27 -> 
  custom:video-encoder-webm-vp8: eb34c28f22e8b96e1ab97ce403110664 -> 
  custom:video-decoder-webm-vp8: 9c59270c3fd7afecdb556c50c9e8de78 -> 
  custom:audio-decoder-ogg-vorbis: bf7c407c2cedff20999df2af8eb42d56 -> 
  custom:audio-encoder-webm-vorbis: bf7c407c2cedff20999df2af8eb42d56 -> 
AssetImportWorkerClient::OnTransportError - code=2 error=End of file
